\BOOKMARK [0][-]{chapter.1}{Introduction}{}% 1
\BOOKMARK [1][-]{section.1.1}{Disordered System}{chapter.1}% 2
\BOOKMARK [1][-]{section.1.2}{Jamming Transition}{chapter.1}% 3
\BOOKMARK [1][-]{section.1.3}{Ising models}{chapter.1}% 4
\BOOKMARK [2][-]{subsection.1.3.1}{Antiferromagnetic Ising Model}{section.1.3}% 5
\BOOKMARK [2][-]{subsection.1.3.2}{Random Field Ising Model}{section.1.3}% 6
\BOOKMARK [1][-]{section.1.4}{Hanoi Networks}{chapter.1}% 7
\BOOKMARK [1][-]{section.1.5}{Computational Methods}{chapter.1}% 8
\BOOKMARK [0][-]{chapter.2}{Jamming in Hanoi Networks}{}% 9
\BOOKMARK [1][-]{section.2.1}{Lattice glass model}{chapter.2}% 10
\BOOKMARK [1][-]{section.2.2}{Monte Carlo Methods}{chapter.2}% 11
\BOOKMARK [2][-]{subsection.2.2.1}{Wang-Landau Sampling}{section.2.2}% 12
\BOOKMARK [2][-]{subsection.2.2.2}{Grand-Canonical Annealing}{section.2.2}% 13
\BOOKMARK [1][-]{section.2.3}{Results}{chapter.2}% 14
\BOOKMARK [2][-]{subsection.2.3.1}{Equilibrium Properties}{section.2.3}% 15
\BOOKMARK [2][-]{subsection.2.3.2}{Dynamic Properties}{section.2.3}% 16
\BOOKMARK [1][-]{section.2.4}{Conclusions and Summary}{chapter.2}% 17
\BOOKMARK [0][-]{chapter.3}{Antiferromagnetic Ising Model in Hanoi Networks}{}% 18
\BOOKMARK [1][-]{section.3.1}{Spin Glass Phase and Chaos in Antiferromagnets}{chapter.3}% 19
\BOOKMARK [1][-]{section.3.2}{Monte Carlo Methods}{chapter.3}% 20
\BOOKMARK [2][-]{subsection.3.2.1}{Wang-Landau Sampling}{section.3.2}% 21
\BOOKMARK [2][-]{subsection.3.2.2}{Simulated Annealing}{section.3.2}% 22
\BOOKMARK [1][-]{section.3.3}{Renormalization Group}{chapter.3}% 23
\BOOKMARK [2][-]{subsection.3.3.1}{RG on Hanoi Networks}{section.3.3}% 24
\BOOKMARK [2][-]{subsection.3.3.2}{RG without magnetic fields}{section.3.3}% 25
\BOOKMARK [2][-]{subsection.3.3.3}{RG with magnetic fileds}{section.3.3}% 26
\BOOKMARK [1][-]{section.3.4}{Results}{chapter.3}% 27
\BOOKMARK [2][-]{subsection.3.4.1}{Dynamic Properties}{section.3.4}% 28
\BOOKMARK [2][-]{subsection.3.4.2}{Fixed Point Analysis}{section.3.4}% 29
\BOOKMARK [2][-]{subsection.3.4.3}{Equilibrium Properties}{section.3.4}% 30
\BOOKMARK [1][-]{section.3.5}{Summary and Conclusion}{chapter.3}% 31
\BOOKMARK [0][-]{chapter.4}{Aging in the Two-Dimensional Random Field Ising Model}{}% 32
\BOOKMARK [1][-]{section.4.1}{Random Field Ising Model and experiments }{chapter.4}% 33
\BOOKMARK [1][-]{section.4.2}{Monte Carlo Simulation}{chapter.4}% 34
\BOOKMARK [1][-]{section.4.3}{Results and Comparison to Experiments}{chapter.4}% 35
\BOOKMARK [1][-]{section.4.4}{Summary and Conclusion}{chapter.4}% 36
\BOOKMARK [0][-]{chapter.5}{Summary and Future Work}{}% 37
\BOOKMARK [0][-]{chapter*.46}{Appendices}{}% 38
\BOOKMARK [1][-]{section.Alph0.1}{Simulated Annealing Code}{chapter*.46}% 39
\BOOKMARK [1][-]{section.Alph0.2}{Wang-Landau Sampling Code}{chapter*.46}% 40
\BOOKMARK [1][-]{section.Alph0.3}{Renormalization Group}{chapter*.46}% 41
